
SQL*Loader: Release 11.2.0.1.0 - Production on 목 1월 5 13:58:10 2023

Copyright (c) 1982, 2009, Oracle and/or its affiliates.  All rights reserved.

제어 파일:    post.ctl
데이터 파일:    post.csv
  부적합한 파일:     post.bad
  폐기 파일:    지정 사항 없음

 (모든 폐기된 레코드 허용)

로드할 건수: ALL
생략 건수:  0
허용 오류수:  50
바인드 배열:  64 행, 최대 256000 바이트
계속:    지정 사항 없음
사용된 경로:      규약

테이블 TB_POST, 로드되었습니다 개개의 논리 레코드로부터
이 테이블에 적당한 Insert 옵션: INSERT

   열 이름                        위치    Len   Term Encl 데이터유형
------------------------------ ---------- ----- ---- ---- ---------------------
ZIPCODE                             FIRST     *   ,       CHARACTER            
SIDO                                 NEXT     *   ,       CHARACTER            
GUGUN                                NEXT     *   ,       CHARACTER            
DONG                                 NEXT     *   ,       CHARACTER            
BUNJI                                NEXT     *   ,       CHARACTER            
SEQ                                  NEXT     *   ,       CHARACTER            

SQL*Loader-601: INSERT 옵션을 사용하려면 테이블이 비어 있어야 합니다.  TB_POST 테이블에 오류
